<?xml version="1.0" encoding="UTF-8"?>
<testng-results skipped="0" failed="0" total="1" passed="1">
  <reporter-output>
  </reporter-output>
  <suite name="Default suite" duration-ms="994" started-at="2021-05-28T04:30:43Z" finished-at="2021-05-28T04:30:44Z">
    <groups>
    </groups>
    <test name="Default test" duration-ms="994" started-at="2021-05-28T04:30:43Z" finished-at="2021-05-28T04:30:44Z">
      <class name="getRequest.TestonlocalAPI">
        <test-method status="PASS" signature="startup()[pri:0, instance:getRequest.TestonlocalAPI@4c70fda8]" name="startup" is-config="true" duration-ms="230" started-at="2021-05-27T23:30:43Z" finished-at="2021-05-27T23:30:43Z">
          <reporter-output>
          </reporter-output>
        </test-method> <!-- startup -->
        <test-method status="PASS" signature="post()[pri:1, instance:getRequest.TestonlocalAPI@4c70fda8]" name="post" duration-ms="754" started-at="2021-05-27T23:30:43Z" finished-at="2021-05-27T23:30:44Z">
          <reporter-output>
          </reporter-output>
        </test-method> <!-- post -->
      </class> <!-- getRequest.TestonlocalAPI -->
    </test> <!-- Default test -->
  </suite> <!-- Default suite -->
</testng-results>
